01-05-2024 08:51:27 info: [LoginTimeList request query parameters] : {"user_id":"1","login_time":""}
01-05-2024 08:51:27 info: [select query request] : SELECT * FROM user_management where bearer_token = 'Bearer eyJhbGciOiJIUzI1NiIsInR5cCI6IkpXVCJ9.eyJ1c2VybmFtZSI6ImFkbWluIiwidXNlcl9wYXNzd29yZCI6IllKdEAxMjMjIiwiaWF0IjoxNzE0NDgxNjA1LCJleHAiOjE3MTUwODY0MDV9.RNKrJ55ZES5FYJTSjhBJxGTmFjuf-gEGyLSBbNF3voI' AND usr_mgt_status = 'Y' and user_id = '1' 
01-05-2024 08:51:27 info: [select query response] : []
01-05-2024 08:51:27 info: Invalid Token
01-05-2024 08:51:27 info: [API REQUEST] /list/available_credits - {"user_id":"1"} - {"host":"yourpostman.in:10020","accept":"*/*","accept-encoding":"deflate, gzip","authorization":"Bearer eyJhbGciOiJIUzI1NiIsInR5cCI6IkpXVCJ9.eyJ1c2VybmFtZSI6ImFkbWluIiwidXNlcl9wYXNzd29yZCI6IllKdEAxMjMjIiwiaWF0IjoxNzE0NDgxNjA1LCJleHAiOjE3MTUwODY0MDV9.RNKrJ55ZES5FYJTSjhBJxGTmFjuf-gEGyLSBbNF3voI","content-type":"application/json","x-forwarded-for":"103.159.85.148","x-forwarded-host":"yourpostman.in","x-forwarded-server":"www.yourpostman.in","connection":"Keep-Alive","content-length":"21"} - 103.159.85.148
01-05-2024 08:51:27 info: [select query request] : SELECT * FROM user_management WHERE bearer_token = 'Bearer eyJhbGciOiJIUzI1NiIsInR5cCI6IkpXVCJ9.eyJ1c2VybmFtZSI6ImFkbWluIiwidXNlcl9wYXNzd29yZCI6IllKdEAxMjMjIiwiaWF0IjoxNzE0NDgxNjA1LCJleHAiOjE3MTUwODY0MDV9.RNKrJ55ZES5FYJTSjhBJxGTmFjuf-gEGyLSBbNF3voI' AND usr_mgt_status in ('N', 'Y', 'R')
01-05-2024 08:51:27 info: [select query response] : []
01-05-2024 08:51:27 info: Invalid Token
01-05-2024 08:51:27 info: "Request ID" is required
01-05-2024 08:51:39 info: [select query request] : SELECT user_name, user_mail, user_mobileno, entry_date, user_status FROM feedback_entry where user_form_type = 'partner_form'
01-05-2024 08:51:39 info: [select query response] : [{"user_name":"Arun","user_mail":"arun@ga.com","user_mobileno":"9090909090","entry_date":"2023-11-14T04:57:08.000Z","user_status":"Y"}]
01-05-2024 08:56:38 info: [select query request] : SELECT user_name, user_mail, user_mobileno, entry_date, user_status FROM feedback_entry where user_form_type = 'partner_form'
01-05-2024 08:56:38 info: [select query response] : [{"user_name":"Arun","user_mail":"arun@ga.com","user_mobileno":"9090909090","entry_date":"2023-11-14T04:57:08.000Z","user_status":"Y"}]
01-05-2024 09:01:39 info: [select query request] : SELECT user_name, user_mail, user_mobileno, entry_date, user_status FROM feedback_entry where user_form_type = 'partner_form'
01-05-2024 09:01:39 info: [select query response] : [{"user_name":"Arun","user_mail":"arun@ga.com","user_mobileno":"9090909090","entry_date":"2023-11-14T04:57:08.000Z","user_status":"Y"}]
01-05-2024 09:06:38 info: [select query request] : SELECT user_name, user_mail, user_mobileno, entry_date, user_status FROM feedback_entry where user_form_type = 'partner_form'
01-05-2024 09:06:38 info: [select query response] : [{"user_name":"Arun","user_mail":"arun@ga.com","user_mobileno":"9090909090","entry_date":"2023-11-14T04:57:08.000Z","user_status":"Y"}]
01-05-2024 09:11:38 info: [select query request] : SELECT user_name, user_mail, user_mobileno, entry_date, user_status FROM feedback_entry where user_form_type = 'partner_form'
01-05-2024 09:11:38 info: [select query response] : [{"user_name":"Arun","user_mail":"arun@ga.com","user_mobileno":"9090909090","entry_date":"2023-11-14T04:57:08.000Z","user_status":"Y"}]
01-05-2024 09:16:50 info: [select query request] : SELECT user_name, user_mail, user_mobileno, entry_date, user_status FROM feedback_entry where user_form_type = 'partner_form'
01-05-2024 09:16:50 info: [select query response] : [{"user_name":"Arun","user_mail":"arun@ga.com","user_mobileno":"9090909090","entry_date":"2023-11-14T04:57:08.000Z","user_status":"Y"}]
01-05-2024 09:21:51 info: [select query request] : SELECT user_name, user_mail, user_mobileno, entry_date, user_status FROM feedback_entry where user_form_type = 'partner_form'
01-05-2024 09:21:51 info: [select query response] : [{"user_name":"Arun","user_mail":"arun@ga.com","user_mobileno":"9090909090","entry_date":"2023-11-14T04:57:08.000Z","user_status":"Y"}]
01-05-2024 09:26:50 info: [select query request] : SELECT user_name, user_mail, user_mobileno, entry_date, user_status FROM feedback_entry where user_form_type = 'partner_form'
01-05-2024 09:26:50 info: [select query response] : [{"user_name":"Arun","user_mail":"arun@ga.com","user_mobileno":"9090909090","entry_date":"2023-11-14T04:57:08.000Z","user_status":"Y"}]
01-05-2024 09:31:51 info: [select query request] : SELECT user_name, user_mail, user_mobileno, entry_date, user_status FROM feedback_entry where user_form_type = 'partner_form'
01-05-2024 09:31:51 info: [select query response] : [{"user_name":"Arun","user_mail":"arun@ga.com","user_mobileno":"9090909090","entry_date":"2023-11-14T04:57:08.000Z","user_status":"Y"}]
01-05-2024 09:36:50 info: [select query request] : SELECT user_name, user_mail, user_mobileno, entry_date, user_status FROM feedback_entry where user_form_type = 'partner_form'
01-05-2024 09:36:51 info: [select query response] : [{"user_name":"Arun","user_mail":"arun@ga.com","user_mobileno":"9090909090","entry_date":"2023-11-14T04:57:08.000Z","user_status":"Y"}]
01-05-2024 09:41:51 info: [select query request] : SELECT user_name, user_mail, user_mobileno, entry_date, user_status FROM feedback_entry where user_form_type = 'partner_form'
01-05-2024 09:41:51 info: [select query response] : [{"user_name":"Arun","user_mail":"arun@ga.com","user_mobileno":"9090909090","entry_date":"2023-11-14T04:57:08.000Z","user_status":"Y"}]
01-05-2024 09:46:50 info: [select query request] : SELECT user_name, user_mail, user_mobileno, entry_date, user_status FROM feedback_entry where user_form_type = 'partner_form'
01-05-2024 09:46:50 info: [select query response] : [{"user_name":"Arun","user_mail":"arun@ga.com","user_mobileno":"9090909090","entry_date":"2023-11-14T04:57:08.000Z","user_status":"Y"}]
01-05-2024 09:51:50 info: [select query request] : SELECT user_name, user_mail, user_mobileno, entry_date, user_status FROM feedback_entry where user_form_type = 'partner_form'
01-05-2024 09:51:50 info: [select query response] : [{"user_name":"Arun","user_mail":"arun@ga.com","user_mobileno":"9090909090","entry_date":"2023-11-14T04:57:08.000Z","user_status":"Y"}]
01-05-2024 09:56:50 info: [select query request] : SELECT user_name, user_mail, user_mobileno, entry_date, user_status FROM feedback_entry where user_form_type = 'partner_form'
01-05-2024 09:56:50 info: [select query response] : [{"user_name":"Arun","user_mail":"arun@ga.com","user_mobileno":"9090909090","entry_date":"2023-11-14T04:57:08.000Z","user_status":"Y"}]
01-05-2024 10:01:50 info: [select query request] : SELECT user_name, user_mail, user_mobileno, entry_date, user_status FROM feedback_entry where user_form_type = 'partner_form'
01-05-2024 10:01:50 info: [select query response] : [{"user_name":"Arun","user_mail":"arun@ga.com","user_mobileno":"9090909090","entry_date":"2023-11-14T04:57:08.000Z","user_status":"Y"}]
01-05-2024 10:06:50 info: [select query request] : SELECT user_name, user_mail, user_mobileno, entry_date, user_status FROM feedback_entry where user_form_type = 'partner_form'
01-05-2024 10:06:50 info: [select query response] : [{"user_name":"Arun","user_mail":"arun@ga.com","user_mobileno":"9090909090","entry_date":"2023-11-14T04:57:08.000Z","user_status":"Y"}]
01-05-2024 10:11:50 info: [select query request] : SELECT user_name, user_mail, user_mobileno, entry_date, user_status FROM feedback_entry where user_form_type = 'partner_form'
01-05-2024 10:11:50 info: [select query response] : [{"user_name":"Arun","user_mail":"arun@ga.com","user_mobileno":"9090909090","entry_date":"2023-11-14T04:57:08.000Z","user_status":"Y"}]
01-05-2024 10:16:50 info: [select query request] : SELECT user_name, user_mail, user_mobileno, entry_date, user_status FROM feedback_entry where user_form_type = 'partner_form'
01-05-2024 10:16:51 info: [select query response] : [{"user_name":"Arun","user_mail":"arun@ga.com","user_mobileno":"9090909090","entry_date":"2023-11-14T04:57:08.000Z","user_status":"Y"}]
01-05-2024 10:21:50 info: [select query request] : SELECT user_name, user_mail, user_mobileno, entry_date, user_status FROM feedback_entry where user_form_type = 'partner_form'
01-05-2024 10:21:50 info: [select query response] : [{"user_name":"Arun","user_mail":"arun@ga.com","user_mobileno":"9090909090","entry_date":"2023-11-14T04:57:08.000Z","user_status":"Y"}]
01-05-2024 10:26:50 info: [select query request] : SELECT user_name, user_mail, user_mobileno, entry_date, user_status FROM feedback_entry where user_form_type = 'partner_form'
01-05-2024 10:26:50 info: [select query response] : [{"user_name":"Arun","user_mail":"arun@ga.com","user_mobileno":"9090909090","entry_date":"2023-11-14T04:57:08.000Z","user_status":"Y"}]
01-05-2024 10:31:50 info: [select query request] : SELECT user_name, user_mail, user_mobileno, entry_date, user_status FROM feedback_entry where user_form_type = 'partner_form'
01-05-2024 10:31:50 info: [select query response] : [{"user_name":"Arun","user_mail":"arun@ga.com","user_mobileno":"9090909090","entry_date":"2023-11-14T04:57:08.000Z","user_status":"Y"}]
01-05-2024 10:36:50 info: [select query request] : SELECT user_name, user_mail, user_mobileno, entry_date, user_status FROM feedback_entry where user_form_type = 'partner_form'
01-05-2024 10:36:50 info: [select query response] : [{"user_name":"Arun","user_mail":"arun@ga.com","user_mobileno":"9090909090","entry_date":"2023-11-14T04:57:08.000Z","user_status":"Y"}]
01-05-2024 10:41:50 info: [select query request] : SELECT user_name, user_mail, user_mobileno, entry_date, user_status FROM feedback_entry where user_form_type = 'partner_form'
01-05-2024 10:41:50 info: [select query response] : [{"user_name":"Arun","user_mail":"arun@ga.com","user_mobileno":"9090909090","entry_date":"2023-11-14T04:57:08.000Z","user_status":"Y"}]
01-05-2024 10:46:50 info: [select query request] : SELECT user_name, user_mail, user_mobileno, entry_date, user_status FROM feedback_entry where user_form_type = 'partner_form'
01-05-2024 10:46:50 info: [select query response] : [{"user_name":"Arun","user_mail":"arun@ga.com","user_mobileno":"9090909090","entry_date":"2023-11-14T04:57:08.000Z","user_status":"Y"}]
01-05-2024 11:23:37 info: [select query request] : SELECT user_name, user_mail, user_mobileno, entry_date, user_status FROM feedback_entry where user_form_type = 'partner_form'
01-05-2024 11:23:37 info: [select query response] : [{"user_name":"Arun","user_mail":"arun@ga.com","user_mobileno":"9090909090","entry_date":"2023-11-14T04:57:08.000Z","user_status":"Y"}]
01-05-2024 11:28:37 info: [select query request] : SELECT user_name, user_mail, user_mobileno, entry_date, user_status FROM feedback_entry where user_form_type = 'partner_form'
01-05-2024 11:28:37 info: [select query response] : [{"user_name":"Arun","user_mail":"arun@ga.com","user_mobileno":"9090909090","entry_date":"2023-11-14T04:57:08.000Z","user_status":"Y"}]
01-05-2024 11:33:37 info: [select query request] : SELECT user_name, user_mail, user_mobileno, entry_date, user_status FROM feedback_entry where user_form_type = 'partner_form'
01-05-2024 11:33:37 info: [select query response] : [{"user_name":"Arun","user_mail":"arun@ga.com","user_mobileno":"9090909090","entry_date":"2023-11-14T04:57:08.000Z","user_status":"Y"}]
01-05-2024 11:38:37 info: [select query request] : SELECT user_name, user_mail, user_mobileno, entry_date, user_status FROM feedback_entry where user_form_type = 'partner_form'
01-05-2024 11:38:37 info: [select query response] : [{"user_name":"Arun","user_mail":"arun@ga.com","user_mobileno":"9090909090","entry_date":"2023-11-14T04:57:08.000Z","user_status":"Y"}]
01-05-2024 11:43:38 info: [select query request] : SELECT user_name, user_mail, user_mobileno, entry_date, user_status FROM feedback_entry where user_form_type = 'partner_form'
01-05-2024 11:43:38 info: [select query response] : [{"user_name":"Arun","user_mail":"arun@ga.com","user_mobileno":"9090909090","entry_date":"2023-11-14T04:57:08.000Z","user_status":"Y"}]
01-05-2024 11:48:37 info: [select query request] : SELECT user_name, user_mail, user_mobileno, entry_date, user_status FROM feedback_entry where user_form_type = 'partner_form'
01-05-2024 11:48:37 info: [select query response] : [{"user_name":"Arun","user_mail":"arun@ga.com","user_mobileno":"9090909090","entry_date":"2023-11-14T04:57:08.000Z","user_status":"Y"}]
01-05-2024 11:53:37 info: [select query request] : SELECT user_name, user_mail, user_mobileno, entry_date, user_status FROM feedback_entry where user_form_type = 'partner_form'
01-05-2024 11:53:37 info: [select query response] : [{"user_name":"Arun","user_mail":"arun@ga.com","user_mobileno":"9090909090","entry_date":"2023-11-14T04:57:08.000Z","user_status":"Y"}]
01-05-2024 11:58:37 info: [select query request] : SELECT user_name, user_mail, user_mobileno, entry_date, user_status FROM feedback_entry where user_form_type = 'partner_form'
01-05-2024 11:58:37 info: [select query response] : [{"user_name":"Arun","user_mail":"arun@ga.com","user_mobileno":"9090909090","entry_date":"2023-11-14T04:57:08.000Z","user_status":"Y"}]
01-05-2024 12:03:37 info: [select query request] : SELECT user_name, user_mail, user_mobileno, entry_date, user_status FROM feedback_entry where user_form_type = 'partner_form'
01-05-2024 12:03:37 info: [select query response] : [{"user_name":"Arun","user_mail":"arun@ga.com","user_mobileno":"9090909090","entry_date":"2023-11-14T04:57:08.000Z","user_status":"Y"}]
01-05-2024 12:08:37 info: [select query request] : SELECT user_name, user_mail, user_mobileno, entry_date, user_status FROM feedback_entry where user_form_type = 'partner_form'
01-05-2024 12:08:37 info: [select query response] : [{"user_name":"Arun","user_mail":"arun@ga.com","user_mobileno":"9090909090","entry_date":"2023-11-14T04:57:08.000Z","user_status":"Y"}]
01-05-2024 12:13:37 info: [select query request] : SELECT user_name, user_mail, user_mobileno, entry_date, user_status FROM feedback_entry where user_form_type = 'partner_form'
01-05-2024 12:13:37 info: [select query response] : [{"user_name":"Arun","user_mail":"arun@ga.com","user_mobileno":"9090909090","entry_date":"2023-11-14T04:57:08.000Z","user_status":"Y"}]
01-05-2024 12:18:36 info: [select query request] : SELECT user_name, user_mail, user_mobileno, entry_date, user_status FROM feedback_entry where user_form_type = 'partner_form'
01-05-2024 12:18:36 info: [select query response] : [{"user_name":"Arun","user_mail":"arun@ga.com","user_mobileno":"9090909090","entry_date":"2023-11-14T04:57:08.000Z","user_status":"Y"}]
01-05-2024 12:23:37 info: [select query request] : SELECT user_name, user_mail, user_mobileno, entry_date, user_status FROM feedback_entry where user_form_type = 'partner_form'
01-05-2024 12:23:37 info: [select query response] : [{"user_name":"Arun","user_mail":"arun@ga.com","user_mobileno":"9090909090","entry_date":"2023-11-14T04:57:08.000Z","user_status":"Y"}]
01-05-2024 12:28:37 info: [select query request] : SELECT user_name, user_mail, user_mobileno, entry_date, user_status FROM feedback_entry where user_form_type = 'partner_form'
01-05-2024 12:28:37 info: [select query response] : [{"user_name":"Arun","user_mail":"arun@ga.com","user_mobileno":"9090909090","entry_date":"2023-11-14T04:57:08.000Z","user_status":"Y"}]
01-05-2024 12:33:36 info: [select query request] : SELECT user_name, user_mail, user_mobileno, entry_date, user_status FROM feedback_entry where user_form_type = 'partner_form'
01-05-2024 12:33:36 info: [select query response] : [{"user_name":"Arun","user_mail":"arun@ga.com","user_mobileno":"9090909090","entry_date":"2023-11-14T04:57:08.000Z","user_status":"Y"}]
01-05-2024 12:38:36 info: [select query request] : SELECT user_name, user_mail, user_mobileno, entry_date, user_status FROM feedback_entry where user_form_type = 'partner_form'
01-05-2024 12:38:36 info: [select query response] : [{"user_name":"Arun","user_mail":"arun@ga.com","user_mobileno":"9090909090","entry_date":"2023-11-14T04:57:08.000Z","user_status":"Y"}]
01-05-2024 12:43:37 info: [select query request] : SELECT user_name, user_mail, user_mobileno, entry_date, user_status FROM feedback_entry where user_form_type = 'partner_form'
01-05-2024 12:43:37 info: [select query response] : [{"user_name":"Arun","user_mail":"arun@ga.com","user_mobileno":"9090909090","entry_date":"2023-11-14T04:57:08.000Z","user_status":"Y"}]
01-05-2024 12:48:36 info: [select query request] : SELECT user_name, user_mail, user_mobileno, entry_date, user_status FROM feedback_entry where user_form_type = 'partner_form'
01-05-2024 12:48:36 info: [select query response] : [{"user_name":"Arun","user_mail":"arun@ga.com","user_mobileno":"9090909090","entry_date":"2023-11-14T04:57:08.000Z","user_status":"Y"}]
01-05-2024 12:58:37 info: [select query request] : SELECT user_name, user_mail, user_mobileno, entry_date, user_status FROM feedback_entry where user_form_type = 'partner_form'
01-05-2024 12:58:37 info: [select query response] : [{"user_name":"Arun","user_mail":"arun@ga.com","user_mobileno":"9090909090","entry_date":"2023-11-14T04:57:08.000Z","user_status":"Y"}]
01-05-2024 15:03:47 info: [select query request] : SELECT user_name, user_mail, user_mobileno, entry_date, user_status FROM feedback_entry where user_form_type = 'partner_form'
01-05-2024 15:03:47 info: [select query response] : [{"user_name":"Arun","user_mail":"arun@ga.com","user_mobileno":"9090909090","entry_date":"2023-11-14T04:57:08.000Z","user_status":"Y"}]
01-05-2024 15:08:47 info: [select query request] : SELECT user_name, user_mail, user_mobileno, entry_date, user_status FROM feedback_entry where user_form_type = 'partner_form'
01-05-2024 15:08:47 info: [select query response] : [{"user_name":"Arun","user_mail":"arun@ga.com","user_mobileno":"9090909090","entry_date":"2023-11-14T04:57:08.000Z","user_status":"Y"}]
01-05-2024 15:13:47 info: [select query request] : SELECT user_name, user_mail, user_mobileno, entry_date, user_status FROM feedback_entry where user_form_type = 'partner_form'
01-05-2024 15:13:47 info: [select query response] : [{"user_name":"Arun","user_mail":"arun@ga.com","user_mobileno":"9090909090","entry_date":"2023-11-14T04:57:08.000Z","user_status":"Y"}]
01-05-2024 15:18:47 info: [select query request] : SELECT user_name, user_mail, user_mobileno, entry_date, user_status FROM feedback_entry where user_form_type = 'partner_form'
01-05-2024 15:18:47 info: [select query response] : [{"user_name":"Arun","user_mail":"arun@ga.com","user_mobileno":"9090909090","entry_date":"2023-11-14T04:57:08.000Z","user_status":"Y"}]
01-05-2024 15:23:47 info: [select query request] : SELECT user_name, user_mail, user_mobileno, entry_date, user_status FROM feedback_entry where user_form_type = 'partner_form'
01-05-2024 15:23:47 info: [select query response] : [{"user_name":"Arun","user_mail":"arun@ga.com","user_mobileno":"9090909090","entry_date":"2023-11-14T04:57:08.000Z","user_status":"Y"}]
01-05-2024 15:28:47 info: [select query request] : SELECT user_name, user_mail, user_mobileno, entry_date, user_status FROM feedback_entry where user_form_type = 'partner_form'
01-05-2024 15:28:47 info: [select query response] : [{"user_name":"Arun","user_mail":"arun@ga.com","user_mobileno":"9090909090","entry_date":"2023-11-14T04:57:08.000Z","user_status":"Y"}]
01-05-2024 15:33:47 info: [select query request] : SELECT user_name, user_mail, user_mobileno, entry_date, user_status FROM feedback_entry where user_form_type = 'partner_form'
01-05-2024 15:33:47 info: [select query response] : [{"user_name":"Arun","user_mail":"arun@ga.com","user_mobileno":"9090909090","entry_date":"2023-11-14T04:57:08.000Z","user_status":"Y"}]
01-05-2024 15:38:35 info: [select query request] : SELECT user_name, user_mail, user_mobileno, entry_date, user_status FROM feedback_entry where user_form_type = 'partner_form'
01-05-2024 15:38:35 info: [select query response] : [{"user_name":"Arun","user_mail":"arun@ga.com","user_mobileno":"9090909090","entry_date":"2023-11-14T04:57:08.000Z","user_status":"Y"}]
01-05-2024 15:48:47 info: [select query request] : SELECT user_name, user_mail, user_mobileno, entry_date, user_status FROM feedback_entry where user_form_type = 'partner_form'
01-05-2024 15:48:47 info: [select query response] : [{"user_name":"Arun","user_mail":"arun@ga.com","user_mobileno":"9090909090","entry_date":"2023-11-14T04:57:08.000Z","user_status":"Y"}]
01-05-2024 15:53:47 info: [select query request] : SELECT user_name, user_mail, user_mobileno, entry_date, user_status FROM feedback_entry where user_form_type = 'partner_form'
01-05-2024 15:53:47 info: [select query response] : [{"user_name":"Arun","user_mail":"arun@ga.com","user_mobileno":"9090909090","entry_date":"2023-11-14T04:57:08.000Z","user_status":"Y"}]
01-05-2024 15:58:47 info: [select query request] : SELECT user_name, user_mail, user_mobileno, entry_date, user_status FROM feedback_entry where user_form_type = 'partner_form'
01-05-2024 15:58:47 info: [select query response] : [{"user_name":"Arun","user_mail":"arun@ga.com","user_mobileno":"9090909090","entry_date":"2023-11-14T04:57:08.000Z","user_status":"Y"}]
01-05-2024 16:03:47 info: [select query request] : SELECT user_name, user_mail, user_mobileno, entry_date, user_status FROM feedback_entry where user_form_type = 'partner_form'
01-05-2024 16:03:47 info: [select query response] : [{"user_name":"Arun","user_mail":"arun@ga.com","user_mobileno":"9090909090","entry_date":"2023-11-14T04:57:08.000Z","user_status":"Y"}]
01-05-2024 16:08:47 info: [select query request] : SELECT user_name, user_mail, user_mobileno, entry_date, user_status FROM feedback_entry where user_form_type = 'partner_form'
01-05-2024 16:08:47 info: [select query response] : [{"user_name":"Arun","user_mail":"arun@ga.com","user_mobileno":"9090909090","entry_date":"2023-11-14T04:57:08.000Z","user_status":"Y"}]
01-05-2024 16:13:47 info: [select query request] : SELECT user_name, user_mail, user_mobileno, entry_date, user_status FROM feedback_entry where user_form_type = 'partner_form'
01-05-2024 16:13:47 info: [select query response] : [{"user_name":"Arun","user_mail":"arun@ga.com","user_mobileno":"9090909090","entry_date":"2023-11-14T04:57:08.000Z","user_status":"Y"}]
01-05-2024 16:18:47 info: [select query request] : SELECT user_name, user_mail, user_mobileno, entry_date, user_status FROM feedback_entry where user_form_type = 'partner_form'
01-05-2024 16:18:47 info: [select query response] : [{"user_name":"Arun","user_mail":"arun@ga.com","user_mobileno":"9090909090","entry_date":"2023-11-14T04:57:08.000Z","user_status":"Y"}]
01-05-2024 16:23:47 info: [select query request] : SELECT user_name, user_mail, user_mobileno, entry_date, user_status FROM feedback_entry where user_form_type = 'partner_form'
01-05-2024 16:23:47 info: [select query response] : [{"user_name":"Arun","user_mail":"arun@ga.com","user_mobileno":"9090909090","entry_date":"2023-11-14T04:57:08.000Z","user_status":"Y"}]
01-05-2024 16:28:47 info: [select query request] : SELECT user_name, user_mail, user_mobileno, entry_date, user_status FROM feedback_entry where user_form_type = 'partner_form'
01-05-2024 16:28:47 info: [select query response] : [{"user_name":"Arun","user_mail":"arun@ga.com","user_mobileno":"9090909090","entry_date":"2023-11-14T04:57:08.000Z","user_status":"Y"}]
01-05-2024 16:33:47 info: [select query request] : SELECT user_name, user_mail, user_mobileno, entry_date, user_status FROM feedback_entry where user_form_type = 'partner_form'
01-05-2024 16:33:47 info: [select query response] : [{"user_name":"Arun","user_mail":"arun@ga.com","user_mobileno":"9090909090","entry_date":"2023-11-14T04:57:08.000Z","user_status":"Y"}]
01-05-2024 16:38:47 info: [select query request] : SELECT user_name, user_mail, user_mobileno, entry_date, user_status FROM feedback_entry where user_form_type = 'partner_form'
01-05-2024 16:38:47 info: [select query response] : [{"user_name":"Arun","user_mail":"arun@ga.com","user_mobileno":"9090909090","entry_date":"2023-11-14T04:57:08.000Z","user_status":"Y"}]
01-05-2024 16:43:47 info: [select query request] : SELECT user_name, user_mail, user_mobileno, entry_date, user_status FROM feedback_entry where user_form_type = 'partner_form'
01-05-2024 16:43:47 info: [select query response] : [{"user_name":"Arun","user_mail":"arun@ga.com","user_mobileno":"9090909090","entry_date":"2023-11-14T04:57:08.000Z","user_status":"Y"}]
01-05-2024 16:48:47 info: [select query request] : SELECT user_name, user_mail, user_mobileno, entry_date, user_status FROM feedback_entry where user_form_type = 'partner_form'
01-05-2024 16:48:47 info: [select query response] : [{"user_name":"Arun","user_mail":"arun@ga.com","user_mobileno":"9090909090","entry_date":"2023-11-14T04:57:08.000Z","user_status":"Y"}]
01-05-2024 16:53:47 info: [select query request] : SELECT user_name, user_mail, user_mobileno, entry_date, user_status FROM feedback_entry where user_form_type = 'partner_form'
01-05-2024 16:53:47 info: [select query response] : [{"user_name":"Arun","user_mail":"arun@ga.com","user_mobileno":"9090909090","entry_date":"2023-11-14T04:57:08.000Z","user_status":"Y"}]
01-05-2024 16:58:47 info: [select query request] : SELECT user_name, user_mail, user_mobileno, entry_date, user_status FROM feedback_entry where user_form_type = 'partner_form'
01-05-2024 16:58:47 info: [select query response] : [{"user_name":"Arun","user_mail":"arun@ga.com","user_mobileno":"9090909090","entry_date":"2023-11-14T04:57:08.000Z","user_status":"Y"}]
01-05-2024 17:03:47 info: [select query request] : SELECT user_name, user_mail, user_mobileno, entry_date, user_status FROM feedback_entry where user_form_type = 'partner_form'
01-05-2024 17:03:47 info: [select query response] : [{"user_name":"Arun","user_mail":"arun@ga.com","user_mobileno":"9090909090","entry_date":"2023-11-14T04:57:08.000Z","user_status":"Y"}]
01-05-2024 17:08:47 info: [select query request] : SELECT user_name, user_mail, user_mobileno, entry_date, user_status FROM feedback_entry where user_form_type = 'partner_form'
01-05-2024 17:08:47 info: [select query response] : [{"user_name":"Arun","user_mail":"arun@ga.com","user_mobileno":"9090909090","entry_date":"2023-11-14T04:57:08.000Z","user_status":"Y"}]
01-05-2024 17:13:47 info: [select query request] : SELECT user_name, user_mail, user_mobileno, entry_date, user_status FROM feedback_entry where user_form_type = 'partner_form'
01-05-2024 17:13:47 info: [select query response] : [{"user_name":"Arun","user_mail":"arun@ga.com","user_mobileno":"9090909090","entry_date":"2023-11-14T04:57:08.000Z","user_status":"Y"}]
01-05-2024 17:18:47 info: [select query request] : SELECT user_name, user_mail, user_mobileno, entry_date, user_status FROM feedback_entry where user_form_type = 'partner_form'
01-05-2024 17:18:47 info: [select query response] : [{"user_name":"Arun","user_mail":"arun@ga.com","user_mobileno":"9090909090","entry_date":"2023-11-14T04:57:08.000Z","user_status":"Y"}]
01-05-2024 17:23:47 info: [select query request] : SELECT user_name, user_mail, user_mobileno, entry_date, user_status FROM feedback_entry where user_form_type = 'partner_form'
01-05-2024 17:23:47 info: [select query response] : [{"user_name":"Arun","user_mail":"arun@ga.com","user_mobileno":"9090909090","entry_date":"2023-11-14T04:57:08.000Z","user_status":"Y"}]
01-05-2024 17:28:47 info: [select query request] : SELECT user_name, user_mail, user_mobileno, entry_date, user_status FROM feedback_entry where user_form_type = 'partner_form'
01-05-2024 17:28:47 info: [select query response] : [{"user_name":"Arun","user_mail":"arun@ga.com","user_mobileno":"9090909090","entry_date":"2023-11-14T04:57:08.000Z","user_status":"Y"}]
01-05-2024 17:33:47 info: [select query request] : SELECT user_name, user_mail, user_mobileno, entry_date, user_status FROM feedback_entry where user_form_type = 'partner_form'
01-05-2024 17:33:47 info: [select query response] : [{"user_name":"Arun","user_mail":"arun@ga.com","user_mobileno":"9090909090","entry_date":"2023-11-14T04:57:08.000Z","user_status":"Y"}]
01-05-2024 17:38:47 info: [select query request] : SELECT user_name, user_mail, user_mobileno, entry_date, user_status FROM feedback_entry where user_form_type = 'partner_form'
01-05-2024 17:38:47 info: [select query response] : [{"user_name":"Arun","user_mail":"arun@ga.com","user_mobileno":"9090909090","entry_date":"2023-11-14T04:57:08.000Z","user_status":"Y"}]
01-05-2024 17:43:47 info: [select query request] : SELECT user_name, user_mail, user_mobileno, entry_date, user_status FROM feedback_entry where user_form_type = 'partner_form'
01-05-2024 17:43:47 info: [select query response] : [{"user_name":"Arun","user_mail":"arun@ga.com","user_mobileno":"9090909090","entry_date":"2023-11-14T04:57:08.000Z","user_status":"Y"}]
01-05-2024 17:48:47 info: [select query request] : SELECT user_name, user_mail, user_mobileno, entry_date, user_status FROM feedback_entry where user_form_type = 'partner_form'
01-05-2024 17:48:47 info: [select query response] : [{"user_name":"Arun","user_mail":"arun@ga.com","user_mobileno":"9090909090","entry_date":"2023-11-14T04:57:08.000Z","user_status":"Y"}]
01-05-2024 17:53:47 info: [select query request] : SELECT user_name, user_mail, user_mobileno, entry_date, user_status FROM feedback_entry where user_form_type = 'partner_form'
01-05-2024 17:53:47 info: [select query response] : [{"user_name":"Arun","user_mail":"arun@ga.com","user_mobileno":"9090909090","entry_date":"2023-11-14T04:57:08.000Z","user_status":"Y"}]
01-05-2024 17:58:47 info: [select query request] : SELECT user_name, user_mail, user_mobileno, entry_date, user_status FROM feedback_entry where user_form_type = 'partner_form'
01-05-2024 17:58:47 info: [select query response] : [{"user_name":"Arun","user_mail":"arun@ga.com","user_mobileno":"9090909090","entry_date":"2023-11-14T04:57:08.000Z","user_status":"Y"}]
01-05-2024 18:03:47 info: [select query request] : SELECT user_name, user_mail, user_mobileno, entry_date, user_status FROM feedback_entry where user_form_type = 'partner_form'
01-05-2024 18:03:47 info: [select query response] : [{"user_name":"Arun","user_mail":"arun@ga.com","user_mobileno":"9090909090","entry_date":"2023-11-14T04:57:08.000Z","user_status":"Y"}]
01-05-2024 18:08:47 info: [select query request] : SELECT user_name, user_mail, user_mobileno, entry_date, user_status FROM feedback_entry where user_form_type = 'partner_form'
01-05-2024 18:08:47 info: [select query response] : [{"user_name":"Arun","user_mail":"arun@ga.com","user_mobileno":"9090909090","entry_date":"2023-11-14T04:57:08.000Z","user_status":"Y"}]
01-05-2024 18:13:47 info: [select query request] : SELECT user_name, user_mail, user_mobileno, entry_date, user_status FROM feedback_entry where user_form_type = 'partner_form'
01-05-2024 18:13:47 info: [select query response] : [{"user_name":"Arun","user_mail":"arun@ga.com","user_mobileno":"9090909090","entry_date":"2023-11-14T04:57:08.000Z","user_status":"Y"}]
01-05-2024 18:18:47 info: [select query request] : SELECT user_name, user_mail, user_mobileno, entry_date, user_status FROM feedback_entry where user_form_type = 'partner_form'
01-05-2024 18:18:47 info: [select query response] : [{"user_name":"Arun","user_mail":"arun@ga.com","user_mobileno":"9090909090","entry_date":"2023-11-14T04:57:08.000Z","user_status":"Y"}]
01-05-2024 18:23:47 info: [select query request] : SELECT user_name, user_mail, user_mobileno, entry_date, user_status FROM feedback_entry where user_form_type = 'partner_form'
01-05-2024 18:23:47 info: [select query response] : [{"user_name":"Arun","user_mail":"arun@ga.com","user_mobileno":"9090909090","entry_date":"2023-11-14T04:57:08.000Z","user_status":"Y"}]
01-05-2024 18:28:47 info: [select query request] : SELECT user_name, user_mail, user_mobileno, entry_date, user_status FROM feedback_entry where user_form_type = 'partner_form'
01-05-2024 18:28:47 info: [select query response] : [{"user_name":"Arun","user_mail":"arun@ga.com","user_mobileno":"9090909090","entry_date":"2023-11-14T04:57:08.000Z","user_status":"Y"}]
01-05-2024 18:33:47 info: [select query request] : SELECT user_name, user_mail, user_mobileno, entry_date, user_status FROM feedback_entry where user_form_type = 'partner_form'
01-05-2024 18:33:47 info: [select query response] : [{"user_name":"Arun","user_mail":"arun@ga.com","user_mobileno":"9090909090","entry_date":"2023-11-14T04:57:08.000Z","user_status":"Y"}]
01-05-2024 18:38:47 info: [select query request] : SELECT user_name, user_mail, user_mobileno, entry_date, user_status FROM feedback_entry where user_form_type = 'partner_form'
01-05-2024 18:38:47 info: [select query response] : [{"user_name":"Arun","user_mail":"arun@ga.com","user_mobileno":"9090909090","entry_date":"2023-11-14T04:57:08.000Z","user_status":"Y"}]
01-05-2024 18:43:47 info: [select query request] : SELECT user_name, user_mail, user_mobileno, entry_date, user_status FROM feedback_entry where user_form_type = 'partner_form'
01-05-2024 18:43:47 info: [select query response] : [{"user_name":"Arun","user_mail":"arun@ga.com","user_mobileno":"9090909090","entry_date":"2023-11-14T04:57:08.000Z","user_status":"Y"}]
01-05-2024 18:48:47 info: [select query request] : SELECT user_name, user_mail, user_mobileno, entry_date, user_status FROM feedback_entry where user_form_type = 'partner_form'
01-05-2024 18:48:47 info: [select query response] : [{"user_name":"Arun","user_mail":"arun@ga.com","user_mobileno":"9090909090","entry_date":"2023-11-14T04:57:08.000Z","user_status":"Y"}]
01-05-2024 18:53:47 info: [select query request] : SELECT user_name, user_mail, user_mobileno, entry_date, user_status FROM feedback_entry where user_form_type = 'partner_form'
01-05-2024 18:53:47 info: [select query response] : [{"user_name":"Arun","user_mail":"arun@ga.com","user_mobileno":"9090909090","entry_date":"2023-11-14T04:57:08.000Z","user_status":"Y"}]
01-05-2024 18:58:47 info: [select query request] : SELECT user_name, user_mail, user_mobileno, entry_date, user_status FROM feedback_entry where user_form_type = 'partner_form'
01-05-2024 18:58:47 info: [select query response] : [{"user_name":"Arun","user_mail":"arun@ga.com","user_mobileno":"9090909090","entry_date":"2023-11-14T04:57:08.000Z","user_status":"Y"}]
01-05-2024 19:03:46 info: [select query request] : SELECT user_name, user_mail, user_mobileno, entry_date, user_status FROM feedback_entry where user_form_type = 'partner_form'
01-05-2024 19:03:46 info: [select query response] : [{"user_name":"Arun","user_mail":"arun@ga.com","user_mobileno":"9090909090","entry_date":"2023-11-14T04:57:08.000Z","user_status":"Y"}]
01-05-2024 19:08:46 info: [select query request] : SELECT user_name, user_mail, user_mobileno, entry_date, user_status FROM feedback_entry where user_form_type = 'partner_form'
01-05-2024 19:08:46 info: [select query response] : [{"user_name":"Arun","user_mail":"arun@ga.com","user_mobileno":"9090909090","entry_date":"2023-11-14T04:57:08.000Z","user_status":"Y"}]
01-05-2024 19:13:46 info: [select query request] : SELECT user_name, user_mail, user_mobileno, entry_date, user_status FROM feedback_entry where user_form_type = 'partner_form'
01-05-2024 19:13:46 info: [select query response] : [{"user_name":"Arun","user_mail":"arun@ga.com","user_mobileno":"9090909090","entry_date":"2023-11-14T04:57:08.000Z","user_status":"Y"}]
01-05-2024 19:18:46 info: [select query request] : SELECT user_name, user_mail, user_mobileno, entry_date, user_status FROM feedback_entry where user_form_type = 'partner_form'
01-05-2024 19:18:46 info: [select query response] : [{"user_name":"Arun","user_mail":"arun@ga.com","user_mobileno":"9090909090","entry_date":"2023-11-14T04:57:08.000Z","user_status":"Y"}]
01-05-2024 19:23:46 info: [select query request] : SELECT user_name, user_mail, user_mobileno, entry_date, user_status FROM feedback_entry where user_form_type = 'partner_form'
01-05-2024 19:23:46 info: [select query response] : [{"user_name":"Arun","user_mail":"arun@ga.com","user_mobileno":"9090909090","entry_date":"2023-11-14T04:57:08.000Z","user_status":"Y"}]
01-05-2024 19:28:47 info: [select query request] : SELECT user_name, user_mail, user_mobileno, entry_date, user_status FROM feedback_entry where user_form_type = 'partner_form'
01-05-2024 19:28:47 info: [select query response] : [{"user_name":"Arun","user_mail":"arun@ga.com","user_mobileno":"9090909090","entry_date":"2023-11-14T04:57:08.000Z","user_status":"Y"}]
01-05-2024 19:33:46 info: [select query request] : SELECT user_name, user_mail, user_mobileno, entry_date, user_status FROM feedback_entry where user_form_type = 'partner_form'
01-05-2024 19:33:46 info: [select query response] : [{"user_name":"Arun","user_mail":"arun@ga.com","user_mobileno":"9090909090","entry_date":"2023-11-14T04:57:08.000Z","user_status":"Y"}]
01-05-2024 19:38:46 info: [select query request] : SELECT user_name, user_mail, user_mobileno, entry_date, user_status FROM feedback_entry where user_form_type = 'partner_form'
01-05-2024 19:38:46 info: [select query response] : [{"user_name":"Arun","user_mail":"arun@ga.com","user_mobileno":"9090909090","entry_date":"2023-11-14T04:57:08.000Z","user_status":"Y"}]
01-05-2024 20:05:50 info: [select query request] : SELECT user_name, user_mail, user_mobileno, entry_date, user_status FROM feedback_entry where user_form_type = 'partner_form'
01-05-2024 20:05:50 info: [select query response] : [{"user_name":"Arun","user_mail":"arun@ga.com","user_mobileno":"9090909090","entry_date":"2023-11-14T04:57:08.000Z","user_status":"Y"}]
01-05-2024 20:10:49 info: [select query request] : SELECT user_name, user_mail, user_mobileno, entry_date, user_status FROM feedback_entry where user_form_type = 'partner_form'
01-05-2024 20:10:49 info: [select query response] : [{"user_name":"Arun","user_mail":"arun@ga.com","user_mobileno":"9090909090","entry_date":"2023-11-14T04:57:08.000Z","user_status":"Y"}]
01-05-2024 20:15:49 info: [select query request] : SELECT user_name, user_mail, user_mobileno, entry_date, user_status FROM feedback_entry where user_form_type = 'partner_form'
01-05-2024 20:15:49 info: [select query response] : [{"user_name":"Arun","user_mail":"arun@ga.com","user_mobileno":"9090909090","entry_date":"2023-11-14T04:57:08.000Z","user_status":"Y"}]
01-05-2024 20:20:37 info: [select query request] : SELECT user_name, user_mail, user_mobileno, entry_date, user_status FROM feedback_entry where user_form_type = 'partner_form'
01-05-2024 20:20:37 info: [select query response] : [{"user_name":"Arun","user_mail":"arun@ga.com","user_mobileno":"9090909090","entry_date":"2023-11-14T04:57:08.000Z","user_status":"Y"}]
01-05-2024 20:25:49 info: [select query request] : SELECT user_name, user_mail, user_mobileno, entry_date, user_status FROM feedback_entry where user_form_type = 'partner_form'
01-05-2024 20:25:49 info: [select query response] : [{"user_name":"Arun","user_mail":"arun@ga.com","user_mobileno":"9090909090","entry_date":"2023-11-14T04:57:08.000Z","user_status":"Y"}]
01-05-2024 20:30:49 info: [select query request] : SELECT user_name, user_mail, user_mobileno, entry_date, user_status FROM feedback_entry where user_form_type = 'partner_form'
01-05-2024 20:30:49 info: [select query response] : [{"user_name":"Arun","user_mail":"arun@ga.com","user_mobileno":"9090909090","entry_date":"2023-11-14T04:57:08.000Z","user_status":"Y"}]
01-05-2024 20:35:49 info: [select query request] : SELECT user_name, user_mail, user_mobileno, entry_date, user_status FROM feedback_entry where user_form_type = 'partner_form'
01-05-2024 20:35:49 info: [select query response] : [{"user_name":"Arun","user_mail":"arun@ga.com","user_mobileno":"9090909090","entry_date":"2023-11-14T04:57:08.000Z","user_status":"Y"}]
01-05-2024 20:40:49 info: [select query request] : SELECT user_name, user_mail, user_mobileno, entry_date, user_status FROM feedback_entry where user_form_type = 'partner_form'
01-05-2024 20:40:49 info: [select query response] : [{"user_name":"Arun","user_mail":"arun@ga.com","user_mobileno":"9090909090","entry_date":"2023-11-14T04:57:08.000Z","user_status":"Y"}]
01-05-2024 20:45:37 info: [select query request] : SELECT user_name, user_mail, user_mobileno, entry_date, user_status FROM feedback_entry where user_form_type = 'partner_form'
01-05-2024 20:45:37 info: [select query response] : [{"user_name":"Arun","user_mail":"arun@ga.com","user_mobileno":"9090909090","entry_date":"2023-11-14T04:57:08.000Z","user_status":"Y"}]
01-05-2024 20:50:49 info: [select query request] : SELECT user_name, user_mail, user_mobileno, entry_date, user_status FROM feedback_entry where user_form_type = 'partner_form'
01-05-2024 20:50:49 info: [select query response] : [{"user_name":"Arun","user_mail":"arun@ga.com","user_mobileno":"9090909090","entry_date":"2023-11-14T04:57:08.000Z","user_status":"Y"}]
01-05-2024 20:55:49 info: [select query request] : SELECT user_name, user_mail, user_mobileno, entry_date, user_status FROM feedback_entry where user_form_type = 'partner_form'
01-05-2024 20:55:49 info: [select query response] : [{"user_name":"Arun","user_mail":"arun@ga.com","user_mobileno":"9090909090","entry_date":"2023-11-14T04:57:08.000Z","user_status":"Y"}]
01-05-2024 21:00:49 info: [select query request] : SELECT user_name, user_mail, user_mobileno, entry_date, user_status FROM feedback_entry where user_form_type = 'partner_form'
01-05-2024 21:00:49 info: [select query response] : [{"user_name":"Arun","user_mail":"arun@ga.com","user_mobileno":"9090909090","entry_date":"2023-11-14T04:57:08.000Z","user_status":"Y"}]
01-05-2024 21:05:49 info: [select query request] : SELECT user_name, user_mail, user_mobileno, entry_date, user_status FROM feedback_entry where user_form_type = 'partner_form'
01-05-2024 21:05:49 info: [select query response] : [{"user_name":"Arun","user_mail":"arun@ga.com","user_mobileno":"9090909090","entry_date":"2023-11-14T04:57:08.000Z","user_status":"Y"}]
01-05-2024 21:10:49 info: [select query request] : SELECT user_name, user_mail, user_mobileno, entry_date, user_status FROM feedback_entry where user_form_type = 'partner_form'
01-05-2024 21:10:49 info: [select query response] : [{"user_name":"Arun","user_mail":"arun@ga.com","user_mobileno":"9090909090","entry_date":"2023-11-14T04:57:08.000Z","user_status":"Y"}]
