23-09-2024 19:29:51 info: [ServiceCategoryList query parameters] : {"user_id":""}
23-09-2024 19:29:51 info: [select query request] : SELECT * FROM message_category where message_category_status = 'Y' ORDER BY message_category_title Asc
23-09-2024 19:29:51 info: [select query response] : [{"message_category_id":1,"message_category_title":"Automotive","message_category_desc":"Automotive","message_category_status":"Y","message_category_entdate":"2023-03-01T06:57:50.000Z"},{"message_category_id":2,"message_category_title":"Beauty, Spa and Salon","message_category_desc":"Beauty, Spa and Salon","message_category_status":"Y","message_category_entdate":"2023-03-01T06:57:50.000Z"},{"message_category_id":3,"message_category_title":"Clothing and Apparel","message_category_desc":"Clothing and Apparel","message_category_status":"Y","message_category_entdate":"2023-03-01T06:57:50.000Z"},{"message_category_id":4,"message_category_title":"Education","message_category_desc":"Education","message_category_status":"Y","message_category_entdate":"2023-03-01T06:57:50.000Z"},{"message_category_id":5,"message_category_title":"Entertainment","message_category_desc":"Entertainment","message_category_status":"Y","message_category_entdate":"2023-03-01T06:57:50.000Z"},{"message_category_id":6,"message_category_title":"Event Planning and Service","message_category_desc":"Event Planning and Service","message_category_status":"Y","message_category_entdate":"2023-03-01T06:57:50.000Z"},{"message_category_id":7,"message_category_title":"Finance and Banking","message_category_desc":"Finance and Banking","message_category_status":"Y","message_category_entdate":"2023-03-01T06:57:50.000Z"},{"message_category_id":8,"message_category_title":"Food and Grocery","message_category_desc":"Food and Grocery","message_category_status":"Y","message_category_entdate":"2023-03-01T06:57:50.000Z"},{"message_category_id":10,"message_category_title":"Hotel and Lodging","message_category_desc":"Hotel and Lodging","message_category_status":"Y","message_category_entdate":"2023-03-01T06:57:50.000Z"},{"message_category_id":11,"message_category_title":"Medical and Health","message_category_desc":"Medical and Health","message_category_status":"Y","message_category_entdate":"2023-03-01T06:57:50.000Z"},{"message_category_id":12,"message_category_title":"Non-profit","message_category_desc":"Non-profit","message_category_status":"Y","message_category_entdate":"2023-03-01T06:57:50.000Z"},{"message_category_id":13,"message_category_title":"Professional Services","message_category_desc":"Professional Services","message_category_status":"Y","message_category_entdate":"2023-03-01T06:57:50.000Z"},{"message_category_id":9,"message_category_title":"Public Service","message_category_desc":"Public Service","message_category_status":"Y","message_category_entdate":"2023-03-01T06:57:50.000Z"},{"message_category_id":14,"message_category_title":"Shopping and Retail","message_category_desc":"Shopping and Retail","message_category_status":"Y","message_category_entdate":"2023-03-01T06:57:50.000Z"},{"message_category_id":15,"message_category_title":"Travel and Transportation","message_category_desc":"Travel and Transportation","message_category_status":"Y","message_category_entdate":"2023-03-01T06:57:50.000Z"}]
23-09-2024 19:29:55 info: [ServiceCategoryList query parameters] : {"user_id":""}
23-09-2024 19:29:55 info: [select query request] : SELECT * FROM message_category where message_category_status = 'Y' ORDER BY message_category_title Asc
23-09-2024 19:29:55 info: [select query response] : [{"message_category_id":1,"message_category_title":"Automotive","message_category_desc":"Automotive","message_category_status":"Y","message_category_entdate":"2023-03-01T06:57:50.000Z"},{"message_category_id":2,"message_category_title":"Beauty, Spa and Salon","message_category_desc":"Beauty, Spa and Salon","message_category_status":"Y","message_category_entdate":"2023-03-01T06:57:50.000Z"},{"message_category_id":3,"message_category_title":"Clothing and Apparel","message_category_desc":"Clothing and Apparel","message_category_status":"Y","message_category_entdate":"2023-03-01T06:57:50.000Z"},{"message_category_id":4,"message_category_title":"Education","message_category_desc":"Education","message_category_status":"Y","message_category_entdate":"2023-03-01T06:57:50.000Z"},{"message_category_id":5,"message_category_title":"Entertainment","message_category_desc":"Entertainment","message_category_status":"Y","message_category_entdate":"2023-03-01T06:57:50.000Z"},{"message_category_id":6,"message_category_title":"Event Planning and Service","message_category_desc":"Event Planning and Service","message_category_status":"Y","message_category_entdate":"2023-03-01T06:57:50.000Z"},{"message_category_id":7,"message_category_title":"Finance and Banking","message_category_desc":"Finance and Banking","message_category_status":"Y","message_category_entdate":"2023-03-01T06:57:50.000Z"},{"message_category_id":8,"message_category_title":"Food and Grocery","message_category_desc":"Food and Grocery","message_category_status":"Y","message_category_entdate":"2023-03-01T06:57:50.000Z"},{"message_category_id":10,"message_category_title":"Hotel and Lodging","message_category_desc":"Hotel and Lodging","message_category_status":"Y","message_category_entdate":"2023-03-01T06:57:50.000Z"},{"message_category_id":11,"message_category_title":"Medical and Health","message_category_desc":"Medical and Health","message_category_status":"Y","message_category_entdate":"2023-03-01T06:57:50.000Z"},{"message_category_id":12,"message_category_title":"Non-profit","message_category_desc":"Non-profit","message_category_status":"Y","message_category_entdate":"2023-03-01T06:57:50.000Z"},{"message_category_id":13,"message_category_title":"Professional Services","message_category_desc":"Professional Services","message_category_status":"Y","message_category_entdate":"2023-03-01T06:57:50.000Z"},{"message_category_id":9,"message_category_title":"Public Service","message_category_desc":"Public Service","message_category_status":"Y","message_category_entdate":"2023-03-01T06:57:50.000Z"},{"message_category_id":14,"message_category_title":"Shopping and Retail","message_category_desc":"Shopping and Retail","message_category_status":"Y","message_category_entdate":"2023-03-01T06:57:50.000Z"},{"message_category_id":15,"message_category_title":"Travel and Transportation","message_category_desc":"Travel and Transportation","message_category_status":"Y","message_category_entdate":"2023-03-01T06:57:50.000Z"}]
23-09-2024 19:30:57 info: [insert query request] : INSERT INTO api_log VALUES(NULL,'/login/p_login','undefined','2024267193057_369','N','-','0000-00-00 00:00:00','Y',CURRENT_TIMESTAMP)
23-09-2024 19:30:57 info: [insert query response] : {"fieldCount":0,"affectedRows":1,"insertId":1423,"info":"","serverStatus":2,"warningStatus":0}
23-09-2024 19:30:57 info: [select query request] : SELECT * FROM api_log WHERE request_id = '2024267193057_369' AND response_status != 'N' AND log_status='Y'
23-09-2024 19:30:57 info: [select query response] : []
23-09-2024 19:30:57 info: [API REQUEST] /login/p_login - {"txt_username":"primary_admin","txt_password":"Celeb@123#","request_id":"2024267193057_369"} - {"host":"localhost:10010","accept":"*/*","accept-encoding":"deflate, gzip, br","content-type":"application/json","content-length":"119"} - undefined
23-09-2024 19:30:57 info: [select query request] : SELECT * FROM user_management where login_id = 'primary_admin' and usr_mgt_status in ('N', 'Y', 'R') ORDER BY user_id ASC
23-09-2024 19:30:57 info: [select query request] : SELECT * FROM user_management where login_id = 'primary_admin' and login_password = 'c5e4408fccd337b1405ae87970edf2b6' and usr_mgt_status in ('N', 'Y', 'R') ORDER BY user_id ASC
23-09-2024 19:30:57 info: : [call_index_signin] Failed  - Invalid Password. Kindly try again with the valid details!
23-09-2024 19:31:03 info: [ServiceCategoryList query parameters] : {"user_id":""}
23-09-2024 19:31:03 info: [select query request] : SELECT * FROM message_category where message_category_status = 'Y' ORDER BY message_category_title Asc
23-09-2024 19:31:03 info: [select query response] : [{"message_category_id":1,"message_category_title":"Automotive","message_category_desc":"Automotive","message_category_status":"Y","message_category_entdate":"2023-03-01T06:57:50.000Z"},{"message_category_id":2,"message_category_title":"Beauty, Spa and Salon","message_category_desc":"Beauty, Spa and Salon","message_category_status":"Y","message_category_entdate":"2023-03-01T06:57:50.000Z"},{"message_category_id":3,"message_category_title":"Clothing and Apparel","message_category_desc":"Clothing and Apparel","message_category_status":"Y","message_category_entdate":"2023-03-01T06:57:50.000Z"},{"message_category_id":4,"message_category_title":"Education","message_category_desc":"Education","message_category_status":"Y","message_category_entdate":"2023-03-01T06:57:50.000Z"},{"message_category_id":5,"message_category_title":"Entertainment","message_category_desc":"Entertainment","message_category_status":"Y","message_category_entdate":"2023-03-01T06:57:50.000Z"},{"message_category_id":6,"message_category_title":"Event Planning and Service","message_category_desc":"Event Planning and Service","message_category_status":"Y","message_category_entdate":"2023-03-01T06:57:50.000Z"},{"message_category_id":7,"message_category_title":"Finance and Banking","message_category_desc":"Finance and Banking","message_category_status":"Y","message_category_entdate":"2023-03-01T06:57:50.000Z"},{"message_category_id":8,"message_category_title":"Food and Grocery","message_category_desc":"Food and Grocery","message_category_status":"Y","message_category_entdate":"2023-03-01T06:57:50.000Z"},{"message_category_id":10,"message_category_title":"Hotel and Lodging","message_category_desc":"Hotel and Lodging","message_category_status":"Y","message_category_entdate":"2023-03-01T06:57:50.000Z"},{"message_category_id":11,"message_category_title":"Medical and Health","message_category_desc":"Medical and Health","message_category_status":"Y","message_category_entdate":"2023-03-01T06:57:50.000Z"},{"message_category_id":12,"message_category_title":"Non-profit","message_category_desc":"Non-profit","message_category_status":"Y","message_category_entdate":"2023-03-01T06:57:50.000Z"},{"message_category_id":13,"message_category_title":"Professional Services","message_category_desc":"Professional Services","message_category_status":"Y","message_category_entdate":"2023-03-01T06:57:50.000Z"},{"message_category_id":9,"message_category_title":"Public Service","message_category_desc":"Public Service","message_category_status":"Y","message_category_entdate":"2023-03-01T06:57:50.000Z"},{"message_category_id":14,"message_category_title":"Shopping and Retail","message_category_desc":"Shopping and Retail","message_category_status":"Y","message_category_entdate":"2023-03-01T06:57:50.000Z"},{"message_category_id":15,"message_category_title":"Travel and Transportation","message_category_desc":"Travel and Transportation","message_category_status":"Y","message_category_entdate":"2023-03-01T06:57:50.000Z"}]
23-09-2024 19:31:15 info: [insert query request] : INSERT INTO api_log VALUES(NULL,'/login/p_login','undefined','2024267193115_202','N','-','0000-00-00 00:00:00','Y',CURRENT_TIMESTAMP)
23-09-2024 19:31:15 info: [insert query response] : {"fieldCount":0,"affectedRows":1,"insertId":1424,"info":"","serverStatus":2,"warningStatus":0}
23-09-2024 19:31:15 info: [select query request] : SELECT * FROM api_log WHERE request_id = '2024267193115_202' AND response_status != 'N' AND log_status='Y'
23-09-2024 19:31:15 info: [select query response] : []
23-09-2024 19:31:15 info: [API REQUEST] /login/p_login - {"txt_username":"primary_admin","txt_password":"Celeb@123","request_id":"2024267193115_202"} - {"host":"localhost:10010","accept":"*/*","accept-encoding":"deflate, gzip, br","content-type":"application/json","content-length":"118"} - undefined
23-09-2024 19:31:15 info: [select query request] : SELECT * FROM user_management where login_id = 'primary_admin' and usr_mgt_status in ('N', 'Y', 'R') ORDER BY user_id ASC
23-09-2024 19:31:15 info: [select query request] : SELECT * FROM user_management where login_id = 'primary_admin' and login_password = 'a9acbda3bbef1f3022e355891a2a52de' and usr_mgt_status in ('N', 'Y', 'R') ORDER BY user_id ASC
23-09-2024 19:31:15 info: : [call_index_signin] Failed  - Invalid Password. Kindly try again with the valid details!
23-09-2024 19:31:20 info: [insert query request] : INSERT INTO api_log VALUES(NULL,'/login/p_login','undefined','2024267193120_205','N','-','0000-00-00 00:00:00','Y',CURRENT_TIMESTAMP)
23-09-2024 19:31:20 info: [insert query response] : {"fieldCount":0,"affectedRows":1,"insertId":1425,"info":"","serverStatus":2,"warningStatus":0}
23-09-2024 19:31:20 info: [select query request] : SELECT * FROM api_log WHERE request_id = '2024267193120_205' AND response_status != 'N' AND log_status='Y'
23-09-2024 19:31:21 info: [select query response] : []
23-09-2024 19:31:21 info: [API REQUEST] /login/p_login - {"txt_username":"primary_admin","txt_password":"YJt@123$","request_id":"2024267193120_205"} - {"host":"localhost:10010","accept":"*/*","accept-encoding":"deflate, gzip, br","content-type":"application/json","content-length":"117"} - undefined
23-09-2024 19:31:21 info: [select query request] : SELECT * FROM user_management where login_id = 'primary_admin' and usr_mgt_status in ('N', 'Y', 'R') ORDER BY user_id ASC
23-09-2024 19:31:21 info: [select query request] : SELECT * FROM user_management where login_id = 'primary_admin' and login_password = '374d4c3817593b92e4e2ebdfc09c349e' and usr_mgt_status in ('N', 'Y', 'R') ORDER BY user_id ASC
23-09-2024 19:31:21 info: : [call_index_signin] Failed  - Invalid Password. Kindly try again with the valid details!
23-09-2024 19:31:29 info: [insert query request] : INSERT INTO api_log VALUES(NULL,'/login/p_login','undefined','2024267193129_651','N','-','0000-00-00 00:00:00','Y',CURRENT_TIMESTAMP)
23-09-2024 19:31:29 info: [insert query response] : {"fieldCount":0,"affectedRows":1,"insertId":1426,"info":"","serverStatus":2,"warningStatus":0}
23-09-2024 19:31:29 info: [select query request] : SELECT * FROM api_log WHERE request_id = '2024267193129_651' AND response_status != 'N' AND log_status='Y'
23-09-2024 19:31:29 info: [select query response] : []
23-09-2024 19:31:29 info: [API REQUEST] /login/p_login - {"txt_username":"primary_admin","txt_password":"YJt@123#","request_id":"2024267193129_651"} - {"host":"localhost:10010","accept":"*/*","accept-encoding":"deflate, gzip, br","content-type":"application/json","content-length":"117"} - undefined
23-09-2024 19:31:29 info: [select query request] : SELECT * FROM user_management where login_id = 'primary_admin' and usr_mgt_status in ('N', 'Y', 'R') ORDER BY user_id ASC
23-09-2024 19:31:29 info: [select query request] : SELECT * FROM user_management where login_id = 'primary_admin' and login_password = 'e58a3754522a05c1ff4d231f8e8cc1bd' and usr_mgt_status in ('N', 'Y', 'R') ORDER BY user_id ASC
23-09-2024 19:31:29 info: : [call_index_signin] Failed  - Invalid Password. Kindly try again with the valid details!
23-09-2024 19:32:04 info: [insert query request] : INSERT INTO api_log VALUES(NULL,'/login/p_login','undefined','2024267193204_733','N','-','0000-00-00 00:00:00','Y',CURRENT_TIMESTAMP)
23-09-2024 19:32:04 info: [insert query response] : {"fieldCount":0,"affectedRows":1,"insertId":1427,"info":"","serverStatus":2,"warningStatus":0}
23-09-2024 19:32:04 info: [select query request] : SELECT * FROM api_log WHERE request_id = '2024267193204_733' AND response_status != 'N' AND log_status='Y'
23-09-2024 19:32:04 info: [select query response] : []
23-09-2024 19:32:04 info: [API REQUEST] /login/p_login - {"txt_username":"primary_admin","txt_password":"Digital1234$","request_id":"2024267193204_733"} - {"host":"localhost:10010","accept":"*/*","accept-encoding":"deflate, gzip, br","content-type":"application/json","content-length":"121"} - undefined
23-09-2024 19:32:04 info: [select query request] : SELECT * FROM user_management where login_id = 'primary_admin' and usr_mgt_status in ('N', 'Y', 'R') ORDER BY user_id ASC
23-09-2024 19:32:04 info: [select query request] : SELECT * FROM user_management where login_id = 'primary_admin' and login_password = '1a2bf6296df8d4f8149a9d3a0cb89882' and usr_mgt_status in ('N', 'Y', 'R') ORDER BY user_id ASC
23-09-2024 19:32:04 info: : [call_index_signin] Failed  - Invalid Password. Kindly try again with the valid details!
23-09-2024 19:32:11 info: [insert query request] : INSERT INTO api_log VALUES(NULL,'/login/p_login','undefined','2024267193211_515','N','-','0000-00-00 00:00:00','Y',CURRENT_TIMESTAMP)
23-09-2024 19:32:11 info: [insert query response] : {"fieldCount":0,"affectedRows":1,"insertId":1428,"info":"","serverStatus":2,"warningStatus":0}
23-09-2024 19:32:11 info: [select query request] : SELECT * FROM api_log WHERE request_id = '2024267193211_515' AND response_status != 'N' AND log_status='Y'
23-09-2024 19:32:11 info: [select query response] : []
23-09-2024 19:32:11 info: [API REQUEST] /login/p_login - {"txt_username":"primary_admin","txt_password":"Digital@123","request_id":"2024267193211_515"} - {"host":"localhost:10010","accept":"*/*","accept-encoding":"deflate, gzip, br","content-type":"application/json","content-length":"120"} - undefined
23-09-2024 19:32:11 info: [select query request] : SELECT * FROM user_management where login_id = 'primary_admin' and usr_mgt_status in ('N', 'Y', 'R') ORDER BY user_id ASC
23-09-2024 19:32:11 info: [select query request] : SELECT * FROM user_management where login_id = 'primary_admin' and login_password = '932880c919114e69c883bbbe78775886' and usr_mgt_status in ('N', 'Y', 'R') ORDER BY user_id ASC
23-09-2024 19:32:11 info: : [call_index_signin] Failed  - Invalid Password. Kindly try again with the valid details!
23-09-2024 19:32:18 info: [insert query request] : INSERT INTO api_log VALUES(NULL,'/login/p_login','undefined','2024267193218_452','N','-','0000-00-00 00:00:00','Y',CURRENT_TIMESTAMP)
23-09-2024 19:32:18 info: [insert query response] : {"fieldCount":0,"affectedRows":1,"insertId":1429,"info":"","serverStatus":2,"warningStatus":0}
23-09-2024 19:32:18 info: [select query request] : SELECT * FROM api_log WHERE request_id = '2024267193218_452' AND response_status != 'N' AND log_status='Y'
23-09-2024 19:32:18 info: [select query response] : []
23-09-2024 19:32:18 info: [API REQUEST] /login/p_login - {"txt_username":"primary_admin","txt_password":"Digital123#","request_id":"2024267193218_452"} - {"host":"localhost:10010","accept":"*/*","accept-encoding":"deflate, gzip, br","content-type":"application/json","content-length":"120"} - undefined
23-09-2024 19:32:18 info: [select query request] : SELECT * FROM user_management where login_id = 'primary_admin' and usr_mgt_status in ('N', 'Y', 'R') ORDER BY user_id ASC
23-09-2024 19:32:18 info: [select query request] : SELECT * FROM user_management where login_id = 'primary_admin' and login_password = 'f950d21066eab35aeeb1e2d806b819a0' and usr_mgt_status in ('N', 'Y', 'R') ORDER BY user_id ASC
23-09-2024 19:32:18 info: : [call_index_signin] Failed  - Invalid Password. Kindly try again with the valid details!
23-09-2024 19:35:46 info: [insert query request] : INSERT INTO api_log VALUES(NULL,'/login/p_login','undefined','2024267193546_366','N','-','0000-00-00 00:00:00','Y',CURRENT_TIMESTAMP)
23-09-2024 19:35:46 info: [insert query response] : {"fieldCount":0,"affectedRows":1,"insertId":1430,"info":"","serverStatus":2,"warningStatus":0}
23-09-2024 19:35:46 info: [select query request] : SELECT * FROM api_log WHERE request_id = '2024267193546_366' AND response_status != 'N' AND log_status='Y'
23-09-2024 19:35:46 info: [select query response] : []
23-09-2024 19:35:46 info: [API REQUEST] /login/p_login - {"txt_username":"primary_admin","txt_password":"Celeb@123","request_id":"2024267193546_366"} - {"host":"localhost:10010","accept":"*/*","accept-encoding":"deflate, gzip, br","content-type":"application/json","content-length":"118"} - undefined
23-09-2024 19:35:46 info: [select query request] : SELECT * FROM user_management where login_id = 'primary_admin' and usr_mgt_status in ('N', 'Y', 'R') ORDER BY user_id ASC
23-09-2024 19:35:46 info: [select query request] : SELECT * FROM user_management where login_id = 'primary_admin' and login_password = 'a9acbda3bbef1f3022e355891a2a52de' and usr_mgt_status in ('N', 'Y', 'R') ORDER BY user_id ASC
23-09-2024 19:35:46 info: : [call_index_signin] Failed  - Invalid Password. Kindly try again with the valid details!
23-09-2024 19:36:21 info: [insert query request] : INSERT INTO api_log VALUES(NULL,'/login/p_login','undefined','2024267193621_477','N','-','0000-00-00 00:00:00','Y',CURRENT_TIMESTAMP)
23-09-2024 19:36:21 info: [insert query response] : {"fieldCount":0,"affectedRows":1,"insertId":1431,"info":"","serverStatus":2,"warningStatus":0}
23-09-2024 19:36:21 info: [select query request] : SELECT * FROM api_log WHERE request_id = '2024267193621_477' AND response_status != 'N' AND log_status='Y'
23-09-2024 19:36:21 info: [select query response] : []
23-09-2024 19:36:21 info: [API REQUEST] /login/p_login - {"txt_username":"primary_admin","txt_password":"WT$P-MS-YJ_Po5tm@n","request_id":"2024267193621_477"} - {"host":"localhost:10010","accept":"*/*","accept-encoding":"deflate, gzip, br","content-type":"application/json","content-length":"127"} - undefined
23-09-2024 19:36:21 info: [select query request] : SELECT * FROM user_management where login_id = 'primary_admin' and usr_mgt_status in ('N', 'Y', 'R') ORDER BY user_id ASC
23-09-2024 19:36:21 info: [select query request] : SELECT * FROM user_management where login_id = 'primary_admin' and login_password = '58bdbfefaa2a5b98b33cec84d1d1e043' and usr_mgt_status in ('N', 'Y', 'R') ORDER BY user_id ASC
23-09-2024 19:36:21 info: : [call_index_signin] Failed  - Invalid Password. Kindly try again with the valid details!
23-09-2024 19:39:48 info: [insert query request] : INSERT INTO api_log VALUES(NULL,'/login/p_login','undefined','2024267193948_516','N','-','0000-00-00 00:00:00','Y',CURRENT_TIMESTAMP)
23-09-2024 19:39:48 info: [insert query response] : {"fieldCount":0,"affectedRows":1,"insertId":1432,"info":"","serverStatus":2,"warningStatus":0}
23-09-2024 19:39:48 info: [select query request] : SELECT * FROM api_log WHERE request_id = '2024267193948_516' AND response_status != 'N' AND log_status='Y'
23-09-2024 19:39:48 info: [select query response] : []
23-09-2024 19:39:48 info: [API REQUEST] /login/p_login - {"txt_username":"primary_admin","txt_password":"Celeb@123","request_id":"2024267193948_516"} - {"host":"localhost:10010","accept":"*/*","accept-encoding":"deflate, gzip, br","content-type":"application/json","content-length":"118"} - undefined
23-09-2024 19:39:48 info: [select query request] : SELECT * FROM user_management where login_id = 'primary_admin' and usr_mgt_status in ('N', 'Y', 'R') ORDER BY user_id ASC
23-09-2024 19:39:48 info: [select query request] : SELECT * FROM user_management where login_id = 'primary_admin' and login_password = 'a9acbda3bbef1f3022e355891a2a52de' and usr_mgt_status in ('N', 'Y', 'R') ORDER BY user_id ASC
23-09-2024 19:39:48 info: : [call_index_signin] Failed  - Invalid Password. Kindly try again with the valid details!
23-09-2024 19:39:55 info: [insert query request] : INSERT INTO api_log VALUES(NULL,'/login/p_login','undefined','2024267193955_229','N','-','0000-00-00 00:00:00','Y',CURRENT_TIMESTAMP)
23-09-2024 19:39:55 info: [insert query response] : {"fieldCount":0,"affectedRows":1,"insertId":1433,"info":"","serverStatus":2,"warningStatus":0}
23-09-2024 19:39:55 info: [select query request] : SELECT * FROM api_log WHERE request_id = '2024267193955_229' AND response_status != 'N' AND log_status='Y'
23-09-2024 19:39:55 info: [select query response] : []
23-09-2024 19:39:55 info: [API REQUEST] /login/p_login - {"txt_username":"primary_admin","txt_password":"Celeb@123#","request_id":"2024267193955_229"} - {"host":"localhost:10010","accept":"*/*","accept-encoding":"deflate, gzip, br","content-type":"application/json","content-length":"119"} - undefined
23-09-2024 19:39:55 info: [select query request] : SELECT * FROM user_management where login_id = 'primary_admin' and usr_mgt_status in ('N', 'Y', 'R') ORDER BY user_id ASC
23-09-2024 19:39:55 info: [select query request] : SELECT * FROM user_management where login_id = 'primary_admin' and login_password = 'c5e4408fccd337b1405ae87970edf2b6' and usr_mgt_status in ('N', 'Y', 'R') ORDER BY user_id ASC
23-09-2024 19:39:55 info: : [call_index_signin] Failed  - Invalid Password. Kindly try again with the valid details!
23-09-2024 19:40:06 info: [insert query request] : INSERT INTO api_log VALUES(NULL,'/login/p_login','undefined','2024267194006_251','N','-','0000-00-00 00:00:00','Y',CURRENT_TIMESTAMP)
23-09-2024 19:40:06 info: [insert query response] : {"fieldCount":0,"affectedRows":1,"insertId":1434,"info":"","serverStatus":2,"warningStatus":0}
23-09-2024 19:40:06 info: [select query request] : SELECT * FROM api_log WHERE request_id = '2024267194006_251' AND response_status != 'N' AND log_status='Y'
23-09-2024 19:40:06 info: [select query response] : []
23-09-2024 19:40:06 info: [API REQUEST] /login/p_login - {"txt_username":"primary_admin","txt_password":"Digital1234$","request_id":"2024267194006_251"} - {"host":"localhost:10010","accept":"*/*","accept-encoding":"deflate, gzip, br","content-type":"application/json","content-length":"121"} - undefined
23-09-2024 19:40:06 info: [select query request] : SELECT * FROM user_management where login_id = 'primary_admin' and usr_mgt_status in ('N', 'Y', 'R') ORDER BY user_id ASC
23-09-2024 19:40:06 info: [select query request] : SELECT * FROM user_management where login_id = 'primary_admin' and login_password = '1a2bf6296df8d4f8149a9d3a0cb89882' and usr_mgt_status in ('N', 'Y', 'R') ORDER BY user_id ASC
23-09-2024 19:40:06 info: : [call_index_signin] Failed  - Invalid Password. Kindly try again with the valid details!
23-09-2024 19:40:15 info: [insert query request] : INSERT INTO api_log VALUES(NULL,'/login/p_login','undefined','2024267194015_471','N','-','0000-00-00 00:00:00','Y',CURRENT_TIMESTAMP)
23-09-2024 19:40:15 info: [insert query response] : {"fieldCount":0,"affectedRows":1,"insertId":1435,"info":"","serverStatus":2,"warningStatus":0}
23-09-2024 19:40:15 info: [select query request] : SELECT * FROM api_log WHERE request_id = '2024267194015_471' AND response_status != 'N' AND log_status='Y'
23-09-2024 19:40:15 info: [select query response] : []
23-09-2024 19:40:15 info: [API REQUEST] /login/p_login - {"txt_username":"primary_admin","txt_password":"Digital@123","request_id":"2024267194015_471"} - {"host":"localhost:10010","accept":"*/*","accept-encoding":"deflate, gzip, br","content-type":"application/json","content-length":"120"} - undefined
23-09-2024 19:40:15 info: [select query request] : SELECT * FROM user_management where login_id = 'primary_admin' and usr_mgt_status in ('N', 'Y', 'R') ORDER BY user_id ASC
23-09-2024 19:40:15 info: [select query request] : SELECT * FROM user_management where login_id = 'primary_admin' and login_password = '932880c919114e69c883bbbe78775886' and usr_mgt_status in ('N', 'Y', 'R') ORDER BY user_id ASC
23-09-2024 19:40:15 info: : [call_index_signin] Failed  - Invalid Password. Kindly try again with the valid details!
23-09-2024 19:40:27 info: [insert query request] : INSERT INTO api_log VALUES(NULL,'/login/p_login','undefined','2024267194027_590','N','-','0000-00-00 00:00:00','Y',CURRENT_TIMESTAMP)
23-09-2024 19:40:27 info: [insert query response] : {"fieldCount":0,"affectedRows":1,"insertId":1436,"info":"","serverStatus":2,"warningStatus":0}
23-09-2024 19:40:27 info: [select query request] : SELECT * FROM api_log WHERE request_id = '2024267194027_590' AND response_status != 'N' AND log_status='Y'
23-09-2024 19:40:27 info: [select query response] : []
23-09-2024 19:40:27 info: [API REQUEST] /login/p_login - {"txt_username":"primary_admin","txt_password":"Digital@123","request_id":"2024267194027_590"} - {"host":"localhost:10010","accept":"*/*","accept-encoding":"deflate, gzip, br","content-type":"application/json","content-length":"120"} - undefined
23-09-2024 19:40:27 info: [select query request] : SELECT * FROM user_management where login_id = 'primary_admin' and usr_mgt_status in ('N', 'Y', 'R') ORDER BY user_id ASC
23-09-2024 19:40:27 info: [select query request] : SELECT * FROM user_management where login_id = 'primary_admin' and login_password = '932880c919114e69c883bbbe78775886' and usr_mgt_status in ('N', 'Y', 'R') ORDER BY user_id ASC
23-09-2024 19:40:27 info: : [call_index_signin] Failed  - Invalid Password. Kindly try again with the valid details!
